WARNING (------): DXF version not recognised or not release 12-15.
ASCII DXF release 15 is recommended
WARNING (001718): BLOCK object group 3 unknown/not supported - ignored.
WARNING (001720): BLOCK object group 1 unknown/not supported - ignored.
SYMBOL: layer="0", name="*Model_Space", org=(0,0), 0 entities.
WARNING (001742): BLOCK object group 67 unknown/not supported - ignored.
WARNING (001758): BLOCK object group 3 unknown/not supported - ignored.
WARNING (001760): BLOCK object group 1 unknown/not supported - ignored.
SYMBOL: layer="0", name="*Paper_Space", org=(0,0), 0 entities.
WARNING (001770): BLOCKS section group 67 unknown/not supported - ignored.
WARNING (001798): BLOCK object group 3 unknown/not supported - ignored.
WARNING (001800): BLOCK object group 1 unknown/not supported - ignored.
SYMBOL: layer="0", name="*Paper_Space0", org=(0,0), 0 entities.
ARC entity, line 1820
WARNING (001830): fcb.line, ARC entity group 6 unknown/not supported - ignored.
WARNING (001834): fcb.line, ARC entity group 370 unknown/not supported - ignored.
ARC: layer="0", c=(-5080,5080), r=5080, start=270.0ø, end=0.0ø
LINE entity, line 1852
WARNING (001862): LINE/3DLINE entity group 6 unknown/not supported - ignored.
WARNING (001866): LINE/3DLINE entity group 370 unknown/not supported - ignored.
LINE: layer="0", p1=(0,5080), p2=(0,109220)
ARC entity, line 1882
WARNING (001892): fcb.line, ARC entity group 6 unknown/not supported - ignored.
WARNING (001896): fcb.line, ARC entity group 370 unknown/not supported - ignored.
ARC: layer="0", c=(-5080,109220), r=5080, start=0.0ø, end=90.0ø
LINE entity, line 1914
WARNING (001924): LINE/3DLINE entity group 6 unknown/not supported - ignored.
WARNING (001928): LINE/3DLINE entity group 370 unknown/not supported - ignored.
LINE: layer="0", p1=(-5080,114300), p2=(-193040,114300)
ARC entity, line 1944
WARNING (001954): fcb.line, ARC entity group 6 unknown/not supported - ignored.
WARNING (001958): fcb.line, ARC entity group 370 unknown/not supported - ignored.
ARC: layer="0", c=(-193040,109220), r=5080, start=90.0ø, end=180.0ø
LINE entity, line 1976
WARNING (001986): LINE/3DLINE entity group 6 unknown/not supported - ignored.
WARNING (001990): LINE/3DLINE entity group 370 unknown/not supported - ignored.
LINE: layer="0", p1=(-198120,109220), p2=(-198120,5080)
ARC entity, line 2006
WARNING (002016): fcb.line, ARC entity group 6 unknown/not supported - ignored.
WARNING (002020): fcb.line, ARC entity group 370 unknown/not supported - ignored.
ARC: layer="0", c=(-193040,5080), r=5080, start=180.0ø, end=270.0ø
LINE entity, line 2038
WARNING (002048): LINE/3DLINE entity group 6 unknown/not supported - ignored.
WARNING (002052): LINE/3DLINE entity group 370 unknown/not supported - ignored.
LINE: layer="0", p1=(-193040,0), p2=(-5080,0)
CIRCLE entity, line 2068
WARNING (002078): CIRCLE entity group 6 unknown/not supported - ignored.
WARNING (002082): CIRCLE entity group 370 unknown/not supported - ignored.
CIRCLE: layer="0", c=(-190500,7620), r=4064
CIRCLE entity, line 2094
WARNING (002104): CIRCLE entity group 6 unknown/not supported - ignored.
WARNING (002108): CIRCLE entity group 370 unknown/not supported - ignored.
CIRCLE: layer="0", c=(-7620,7620), r=4064
CIRCLE entity, line 2120
WARNING (002130): CIRCLE entity group 6 unknown/not supported - ignored.
WARNING (002134): CIRCLE entity group 370 unknown/not supported - ignored.
CIRCLE: layer="0", c=(-7620,106680), r=4064
CIRCLE entity, line 2146
WARNING (002156): CIRCLE entity group 6 unknown/not supported - ignored.
WARNING (002160): CIRCLE entity group 370 unknown/not supported - ignored.
CIRCLE: layer="0", c=(-190500,106680), r=4064
EXPORT ARC: Unmapped arc: o=(-5080,5080), r=5080, sa=270.0ø, ea=  0.0ø.
EXPORT ARC: CTM: o=(0,0), rot=0.0ø, xscale=1.000000, yscale=1.000000
LINEARISING: c1=(0,-5080) max=25
   c1=(0,-5080), c2=(2540,-2540), c3=(5080,0), cs=270.0ø, cm=315.0ø, ce=360.0ø, pt=(3592,-3592), d=1487
   c1=(0,-5080), c2=(1796,-4336), c3=(3592,-3592), cs=270.0ø, cm=292.5ø, ce=315.0ø, pt=(1944,-4693), d=386
   c1=(0,-5080), c2=(972,-4886), c3=(1944,-4693), cs=270.0ø, cm=281.2ø, ce=292.5ø, pt=(987,-4983), d=98
   c1=(0,-5080), c2=(493,-5031), c3=(987,-4983), cs=270.0ø, cm=275.6ø, ce=281.2ø, pt=(496,-5056), d=25
LINEARISING DONE. c3=(987,-4983) cs=281.2ø (end=360.0)
LINEARISING: c1=(987,-4983) max=25
   c1=(987,-4983), c2=(3033,-2491), c3=(5080,0), cs=281.2ø, cm=320.6ø, ce=360.0ø, pt=(3925,-3224), d=1154
   c1=(987,-4983), c2=(2456,-4103), c3=(3925,-3224), cs=281.2ø, cm=300.9ø, ce=320.6ø, pt=(2609,-4359), d=298
   c1=(987,-4983), c2=(1798,-4671), c3=(2609,-4359), cs=281.2ø, cm=291.0ø, ce=300.9ø, pt=(1821,-4743), d=75
   c1=(987,-4983), c2=(1404,-4863), c3=(1821,-4743), cs=281.2ø, cm=286.1ø, ce=291.0ø, pt=(1409,-4881), d=18
LINEARISING DONE. c3=(1821,-4743) cs=291.0ø (end=360.0)
LINEARISING: c1=(1821,-4743) max=25
   c1=(1821,-4743), c2=(3450,-2371), c3=(5080,0), cs=291.0ø, cm=325.5ø, ce=360.0ø, pt=(4187,-2877), d=893
   c1=(1821,-4743), c2=(3004,-3810), c3=(4187,-2877), cs=291.0ø, cm=308.2ø, ce=325.5ø, pt=(3142,-3992), d=228
   c1=(1821,-4743), c2=(2481,-4367), c3=(3142,-3992), cs=291.0ø, cm=299.6ø, ce=308.2ø, pt=(2509,-4417), d=57
   c1=(1821,-4743), c2=(2165,-4580), c3=(2509,-4417), cs=291.0ø, cm=295.3ø, ce=299.6ø, pt=(2171,-4593), d=14
LINEARISING DONE. c3=(2509,-4417) cs=299.6ø (end=360.0)
LINEARISING: c1=(2509,-4417) max=25
   c1=(2509,-4417), c2=(3794,-2208), c3=(5080,0), cs=299.6ø, cm=329.8ø, ce=360.0ø, pt=(4391,-2555), d=690
   c1=(2509,-4417), c2=(3450,-3486), c3=(4391,-2555), cs=299.6ø, cm=314.7ø, ce=329.8ø, pt=(3573,-3611), d=175
   c1=(2509,-4417), c2=(3041,-4014), c3=(3573,-3611), cs=299.6ø, cm=307.1ø, ce=314.7ø, pt=(3064,-4052), d=44
   c1=(2509,-4417), c2=(2786,-4234), c3=(3064,-4052), cs=299.6ø, cm=303.3ø, ce=307.1ø, pt=(2789,-4246), d=12
LINEARISING DONE. c3=(3064,-4052) cs=307.1ø (end=360.0)
LINEARISING: c1=(3064,-4052) max=25
   c1=(3064,-4052), c2=(4072,-2026), c3=(5080,0), cs=307.1ø, cm=333.5ø, ce=360.0ø, pt=(4546,-2267), d=531
   c1=(3064,-4052), c2=(3805,-3159), c3=(4546,-2267), cs=307.1ø, cm=320.3ø, ce=333.5ø, pt=(3909,-3245), d=134
   c1=(3064,-4052), c2=(3486,-3648), c3=(3909,-3245), cs=307.1ø, cm=313.7ø, ce=320.3ø, pt=(3510,-3673), d=34
   c1=(3064,-4052), c2=(3287,-3862), c3=(3510,-3673), cs=307.1ø, cm=310.4ø, ce=313.7ø, pt=(3292,-3869), d=8
LINEARISING DONE. c3=(3510,-3673) cs=313.7ø (end=360.0)
LINEARISING: c1=(3510,-3673) max=25
   c1=(3510,-3673), c2=(4295,-1836), c3=(5080,0), cs=313.7ø, cm=336.8ø, ce=360.0ø, pt=(4669,-2001), d=408
   c1=(3510,-3673), c2=(4089,-2837), c3=(4669,-2001), cs=313.7ø, cm=325.2ø, ce=336.8ø, pt=(4171,-2899), d=102
   c1=(3510,-3673), c2=(3840,-3286), c3=(4171,-2899), cs=313.7ø, cm=319.4ø, ce=325.2ø, pt=(3857,-3306), d=26
   c1=(3510,-3673), c2=(3683,-3489), c3=(3857,-3306), cs=313.7ø, cm=316.5ø, ce=319.4ø, pt=(3685,-3497), d=8
LINEARISING DONE. c3=(3857,-3306) cs=319.4ø (end=360.0)
LINEARISING: c1=(3857,-3306) max=25
   c1=(3857,-3306), c2=(4468,-1653), c3=(5080,0), cs=319.4ø, cm=339.7ø, ce=360.0ø, pt=(4764,-1762), d=315
   c1=(3857,-3306), c2=(4310,-2534), c3=(4764,-1762), cs=319.4ø, cm=329.5ø, ce=339.7ø, pt=(4377,-2578), d=80
   c1=(3857,-3306), c2=(4117,-2942), c3=(4377,-2578), cs=319.4ø, cm=324.4ø, ce=329.5ø, pt=(4131,-2957), d=20
LINEARISING DONE. c3=(4377,-2578) cs=329.5ø (end=360.0)
LINEARISING: c1=(4377,-2578) max=25
   c1=(4377,-2578), c2=(4728,-1289), c3=(5080,0), cs=329.5ø, cm=344.7ø, ce=360.0ø, pt=(4900,-1340), d=179
   c1=(4377,-2578), c2=(4638,-1959), c3=(4900,-1340), cs=329.5ø, cm=337.1ø, ce=344.7ø, pt=(4680,-1977), d=45
   c1=(4377,-2578), c2=(4528,-2277), c3=(4680,-1977), cs=329.5ø, cm=333.3ø, ce=337.1ø, pt=(4538,-2283), d=11
LINEARISING DONE. c3=(4680,-1977) cs=337.1ø (end=360.0)
LINEARISING: c1=(4680,-1977) max=25
   c1=(4680,-1977), c2=(4880,-988), c3=(5080,0), cs=337.1ø, cm=348.5ø, ce=360.0ø, pt=(4978,-1013), d=101
   c1=(4680,-1977), c2=(4829,-1495), c3=(4978,-1013), cs=337.1ø, cm=342.8ø, ce=348.5ø, pt=(4853,-1502), d=25
LINEARISING DONE. c3=(4978,-1013) cs=348.5ø (end=360.0)
LINEARISING: c1=(4978,-1013) max=25
   c1=(4978,-1013), c2=(5029,-506), c3=(5080,0), cs=348.5ø, cm=354.2ø, ce=360.0ø, pt=(5054,-513), d=25
LINEARISING DONE. c3=(5080,0) cs=360.0ø (end=360.0)
EXPORT ARC: Arc linearised to 12 points.
EXPORT ARC: Unmapped arc: o=(-5080,109220), r=5080, sa=0.0ø, ea= 90.0ø.
EXPORT ARC: CTM: o=(0,0), rot=0.0ø, xscale=1.000000, yscale=1.000000
LINEARISING: c1=(5080,0) max=25
   c1=(5080,0), c2=(2540,2540), c3=(0,5080), cs=0.0ø, cm=45.0ø, ce=90.0ø, pt=(3592,3592), d=1487
   c1=(5080,0), c2=(4336,1796), c3=(3592,3592), cs=0.0ø, cm=22.5ø, ce=45.0ø, pt=(4693,1944), d=386
   c1=(5080,0), c2=(4886,972), c3=(4693,1944), cs=0.0ø, cm=11.2ø, ce=22.5ø, pt=(4983,987), d=98
   c1=(5080,0), c2=(5031,493), c3=(4983,987), cs=0.0ø, cm=5.6ø, ce=11.2ø, pt=(5056,496), d=25
LINEARISING DONE. c3=(4983,987) cs=11.2ø (end=90.0)
LINEARISING: c1=(4983,987) max=25
   c1=(4983,987), c2=(2491,3033), c3=(0,5080), cs=11.2ø, cm=50.6ø, ce=90.0ø, pt=(3224,3925), d=1154
   c1=(4983,987), c2=(4103,2456), c3=(3224,3925), cs=11.2ø, cm=30.9ø, ce=50.6ø, pt=(4359,2609), d=298
   c1=(4983,987), c2=(4671,1798), c3=(4359,2609), cs=11.2ø, cm=21.0ø, ce=30.9ø, pt=(4743,1821), d=75
   c1=(4983,987), c2=(4863,1404), c3=(4743,1821), cs=11.2ø, cm=16.1ø, ce=21.0ø, pt=(4881,1409), d=18
LINEARISING DONE. c3=(4743,1821) cs=21.0ø (end=90.0)
LINEARISING: c1=(4743,1821) max=25
   c1=(4743,1821), c2=(2371,3450), c3=(0,5080), cs=21.0ø, cm=55.5ø, ce=90.0ø, pt=(2877,4187), d=893
   c1=(4743,1821), c2=(3810,3004), c3=(2877,4187), cs=21.0ø, cm=38.2ø, ce=55.5ø, pt=(3992,3142), d=228
   c1=(4743,1821), c2=(4367,2481), c3=(3992,3142), cs=21.0ø, cm=29.6ø, ce=38.2ø, pt=(4417,2509), d=57
   c1=(4743,1821), c2=(4580,2165), c3=(4417,2509), cs=21.0ø, cm=25.3ø, ce=29.6ø, pt=(4593,2171), d=14
LINEARISING DONE. c3=(4417,2509) cs=29.6ø (end=90.0)
LINEARISING: c1=(4417,2509) max=25
   c1=(4417,2509), c2=(2208,3794), c3=(0,5080), cs=29.6ø, cm=59.8ø, ce=90.0ø, pt=(2555,4391), d=690
   c1=(4417,2509), c2=(3486,3450), c3=(2555,4391), cs=29.6ø, cm=44.7ø, ce=59.8ø, pt=(3611,3573), d=175
   c1=(4417,2509), c2=(4014,3041), c3=(3611,3573), cs=29.6ø, cm=37.1ø, ce=44.7ø, pt=(4052,3064), d=44
   c1=(4417,2509), c2=(4234,2786), c3=(4052,3064), cs=29.6ø, cm=33.3ø, ce=37.1ø, pt=(4246,2789), d=12
LINEARISING DONE. c3=(4052,3064) cs=37.1ø (end=90.0)
LINEARISING: c1=(4052,3064) max=25
   c1=(4052,3064), c2=(2026,4072), c3=(0,5080), cs=37.1ø, cm=63.5ø, ce=90.0ø, pt=(2267,4546), d=531
   c1=(4052,3064), c2=(3159,3805), c3=(2267,4546), cs=37.1ø, cm=50.3ø, ce=63.5ø, pt=(3245,3909), d=134
   c1=(4052,3064), c2=(3648,3486), c3=(3245,3909), cs=37.1ø, cm=43.7ø, ce=50.3ø, pt=(3673,3510), d=34
   c1=(4052,3064), c2=(3862,3287), c3=(3673,3510), cs=37.1ø, cm=40.4ø, ce=43.7ø, pt=(3869,3292), d=8
LINEARISING DONE. c3=(3673,3510) cs=43.7ø (end=90.0)
LINEARISING: c1=(3673,3510) max=25
   c1=(3673,3510), c2=(1836,4295), c3=(0,5080), cs=43.7ø, cm=66.8ø, ce=90.0ø, pt=(2001,4669), d=408
   c1=(3673,3510), c2=(2837,4089), c3=(2001,4669), cs=43.7ø, cm=55.2ø, ce=66.8ø, pt=(2899,4171), d=102
   c1=(3673,3510), c2=(3286,3840), c3=(2899,4171), cs=43.7ø, cm=49.4ø, ce=55.2ø, pt=(3306,3857), d=26
   c1=(3673,3510), c2=(3489,3683), c3=(3306,3857), cs=43.7ø, cm=46.5ø, ce=49.4ø, pt=(3497,3685), d=8
LINEARISING DONE. c3=(3306,3857) cs=49.4ø (end=90.0)
LINEARISING: c1=(3306,3857) max=25
   c1=(3306,3857), c2=(1653,4468), c3=(0,5080), cs=49.4ø, cm=69.7ø, ce=90.0ø, pt=(1762,4764), d=315
   c1=(3306,3857), c2=(2534,4310), c3=(1762,4764), cs=49.4ø, cm=59.5ø, ce=69.7ø, pt=(2578,4377), d=80
   c1=(3306,3857), c2=(2942,4117), c3=(2578,4377), cs=49.4ø, cm=54.4ø, ce=59.5ø, pt=(2957,4131), d=20
LINEARISING DONE. c3=(2578,4377) cs=59.5ø (end=90.0)
LINEARISING: c1=(2578,4377) max=25
   c1=(2578,4377), c2=(1289,4728), c3=(0,5080), cs=59.5ø, cm=74.7ø, ce=90.0ø, pt=(1340,4900), d=179
   c1=(2578,4377), c2=(1959,4638), c3=(1340,4900), cs=59.5ø, cm=67.1ø, ce=74.7ø, pt=(1977,4680), d=45
   c1=(2578,4377), c2=(2277,4528), c3=(1977,4680), cs=59.5ø, cm=63.3ø, ce=67.1ø, pt=(2283,4538), d=11
LINEARISING DONE. c3=(1977,4680) cs=67.1ø (end=90.0)
LINEARISING: c1=(1977,4680) max=25
   c1=(1977,4680), c2=(988,4880), c3=(0,5080), cs=67.1ø, cm=78.5ø, ce=90.0ø, pt=(1013,4978), d=101
   c1=(1977,4680), c2=(1495,4829), c3=(1013,4978), cs=67.1ø, cm=72.8ø, ce=78.5ø, pt=(1502,4853), d=25
LINEARISING DONE. c3=(1013,4978) cs=78.5ø (end=90.0)
LINEARISING: c1=(1013,4978) max=25
   c1=(1013,4978), c2=(506,5029), c3=(0,5080), cs=78.5ø, cm=84.2ø, ce=90.0ø, pt=(513,5054), d=25
LINEARISING DONE. c3=(0,5080) cs=90.0ø (end=90.0)
EXPORT ARC: Arc linearised to 11 points.
EXPORT ARC: Unmapped arc: o=(-193040,109220), r=5080, sa=90.0ø, ea=180.0ø.
EXPORT ARC: CTM: o=(0,0), rot=0.0ø, xscale=1.000000, yscale=1.000000
LINEARISING: c1=(0,5080) max=25
   c1=(0,5080), c2=(-2540,2540), c3=(-5080,0), cs=90.0ø, cm=135.0ø, ce=180.0ø, pt=(-3592,3592), d=1487
   c1=(0,5080), c2=(-1796,4336), c3=(-3592,3592), cs=90.0ø, cm=112.5ø, ce=135.0ø, pt=(-1944,4693), d=386
   c1=(0,5080), c2=(-972,4886), c3=(-1944,4693), cs=90.0ø, cm=101.2ø, ce=112.5ø, pt=(-987,4983), d=98
   c1=(0,5080), c2=(-493,5031), c3=(-987,4983), cs=90.0ø, cm=95.6ø, ce=101.2ø, pt=(-496,5056), d=25
LINEARISING DONE. c3=(-987,4983) cs=101.2ø (end=180.0)
LINEARISING: c1=(-987,4983) max=25
   c1=(-987,4983), c2=(-3033,2491), c3=(-5080,0), cs=101.2ø, cm=140.6ø, ce=180.0ø, pt=(-3925,3224), d=1154
   c1=(-987,4983), c2=(-2456,4103), c3=(-3925,3224), cs=101.2ø, cm=120.9ø, ce=140.6ø, pt=(-2609,4359), d=298
   c1=(-987,4983), c2=(-1798,4671), c3=(-2609,4359), cs=101.2ø, cm=111.0ø, ce=120.9ø, pt=(-1821,4743), d=75
   c1=(-987,4983), c2=(-1404,4863), c3=(-1821,4743), cs=101.2ø, cm=106.1ø, ce=111.0ø, pt=(-1409,4881), d=18
LINEARISING DONE. c3=(-1821,4743) cs=111.0ø (end=180.0)
LINEARISING: c1=(-1821,4743) max=25
   c1=(-1821,4743), c2=(-3450,2371), c3=(-5080,0), cs=111.0ø, cm=145.5ø, ce=180.0ø, pt=(-4187,2877), d=893
   c1=(-1821,4743), c2=(-3004,3810), c3=(-4187,2877), cs=111.0ø, cm=128.2ø, ce=145.5ø, pt=(-3142,3992), d=228
   c1=(-1821,4743), c2=(-2481,4367), c3=(-3142,3992), cs=111.0ø, cm=119.6ø, ce=128.2ø, pt=(-2509,4417), d=57
   c1=(-1821,4743), c2=(-2165,4580), c3=(-2509,4417), cs=111.0ø, cm=115.3ø, ce=119.6ø, pt=(-2171,4593), d=14
LINEARISING DONE. c3=(-2509,4417) cs=119.6ø (end=180.0)
LINEARISING: c1=(-2509,4417) max=25
   c1=(-2509,4417), c2=(-3794,2208), c3=(-5080,0), cs=119.6ø, cm=149.8ø, ce=180.0ø, pt=(-4391,2555), d=690
   c1=(-2509,4417), c2=(-3450,3486), c3=(-4391,2555), cs=119.6ø, cm=134.7ø, ce=149.8ø, pt=(-3573,3611), d=175
   c1=(-2509,4417), c2=(-3041,4014), c3=(-3573,3611), cs=119.6ø, cm=127.1ø, ce=134.7ø, pt=(-3064,4052), d=44
   c1=(-2509,4417), c2=(-2786,4234), c3=(-3064,4052), cs=119.6ø, cm=123.3ø, ce=127.1ø, pt=(-2789,4246), d=12
LINEARISING DONE. c3=(-3064,4052) cs=127.1ø (end=180.0)
LINEARISING: c1=(-3064,4052) max=25
   c1=(-3064,4052), c2=(-4072,2026), c3=(-5080,0), cs=127.1ø, cm=153.5ø, ce=180.0ø, pt=(-4546,2267), d=531
   c1=(-3064,4052), c2=(-3805,3159), c3=(-4546,2267), cs=127.1ø, cm=140.3ø, ce=153.5ø, pt=(-3909,3245), d=134
   c1=(-3064,4052), c2=(-3486,3648), c3=(-3909,3245), cs=127.1ø, cm=133.7ø, ce=140.3ø, pt=(-3510,3673), d=34
   c1=(-3064,4052), c2=(-3287,3862), c3=(-3510,3673), cs=127.1ø, cm=130.4ø, ce=133.7ø, pt=(-3292,3869), d=8
LINEARISING DONE. c3=(-3510,3673) cs=133.7ø (end=180.0)
LINEARISING: c1=(-3510,3673) max=25
   c1=(-3510,3673), c2=(-4295,1836), c3=(-5080,0), cs=133.7ø, cm=156.8ø, ce=180.0ø, pt=(-4669,2001), d=408
   c1=(-3510,3673), c2=(-4089,2837), c3=(-4669,2001), cs=133.7ø, cm=145.2ø, ce=156.8ø, pt=(-4171,2899), d=102
   c1=(-3510,3673), c2=(-3840,3286), c3=(-4171,2899), cs=133.7ø, cm=139.4ø, ce=145.2ø, pt=(-3857,3306), d=26
   c1=(-3510,3673), c2=(-3683,3489), c3=(-3857,3306), cs=133.7ø, cm=136.5ø, ce=139.4ø, pt=(-3685,3497), d=8
LINEARISING DONE. c3=(-3857,3306) cs=139.4ø (end=180.0)
LINEARISING: c1=(-3857,3306) max=25
   c1=(-3857,3306), c2=(-4468,1653), c3=(-5080,0), cs=139.4ø, cm=159.7ø, ce=180.0ø, pt=(-4764,1762), d=315
   c1=(-3857,3306), c2=(-4310,2534), c3=(-4764,1762), cs=139.4ø, cm=149.5ø, ce=159.7ø, pt=(-4377,2578), d=80
   c1=(-3857,3306), c2=(-4117,2942), c3=(-4377,2578), cs=139.4ø, cm=144.4ø, ce=149.5ø, pt=(-4131,2957), d=20
LINEARISING DONE. c3=(-4377,2578) cs=149.5ø (end=180.0)
LINEARISING: c1=(-4377,2578) max=25
   c1=(-4377,2578), c2=(-4728,1289), c3=(-5080,0), cs=149.5ø, cm=164.7ø, ce=180.0ø, pt=(-4900,1340), d=179
   c1=(-4377,2578), c2=(-4638,1959), c3=(-4900,1340), cs=149.5ø, cm=157.1ø, ce=164.7ø, pt=(-4680,1977), d=45
   c1=(-4377,2578), c2=(-4528,2277), c3=(-4680,1977), cs=149.5ø, cm=153.3ø, ce=157.1ø, pt=(-4538,2283), d=11
LINEARISING DONE. c3=(-4680,1977) cs=157.1ø (end=180.0)
LINEARISING: c1=(-4680,1977) max=25
   c1=(-4680,1977), c2=(-4880,988), c3=(-5080,0), cs=157.1ø, cm=168.5ø, ce=180.0ø, pt=(-4978,1013), d=101
   c1=(-4680,1977), c2=(-4829,1495), c3=(-4978,1013), cs=157.1ø, cm=162.8ø, ce=168.5ø, pt=(-4853,1502), d=25
LINEARISING DONE. c3=(-4978,1013) cs=168.5ø (end=180.0)
LINEARISING: c1=(-4978,1013) max=25
   c1=(-4978,1013), c2=(-5029,506), c3=(-5080,0), cs=168.5ø, cm=174.2ø, ce=180.0ø, pt=(-5054,513), d=25
LINEARISING DONE. c3=(-5080,0) cs=180.0ø (end=180.0)
EXPORT ARC: Arc linearised to 12 points.
EXPORT ARC: Unmapped arc: o=(-193040,5080), r=5080, sa=180.0ø, ea=270.0ø.
EXPORT ARC: CTM: o=(0,0), rot=0.0ø, xscale=1.000000, yscale=1.000000
LINEARISING: c1=(-5080,0) max=25
   c1=(-5080,0), c2=(-2540,-2540), c3=(0,-5080), cs=180.0ø, cm=225.0ø, ce=270.0ø, pt=(-3592,-3592), d=1487
   c1=(-5080,0), c2=(-4336,-1796), c3=(-3592,-3592), cs=180.0ø, cm=202.5ø, ce=225.0ø, pt=(-4693,-1944), d=386
   c1=(-5080,0), c2=(-4886,-972), c3=(-4693,-1944), cs=180.0ø, cm=191.2ø, ce=202.5ø, pt=(-4983,-987), d=98
   c1=(-5080,0), c2=(-5031,-493), c3=(-4983,-987), cs=180.0ø, cm=185.6ø, ce=191.2ø, pt=(-5056,-496), d=25
LINEARISING DONE. c3=(-4983,-987) cs=191.2ø (end=270.0)
LINEARISING: c1=(-4983,-987) max=25
   c1=(-4983,-987), c2=(-2491,-3033), c3=(0,-5080), cs=191.2ø, cm=230.6ø, ce=270.0ø, pt=(-3224,-3925), d=1154
   c1=(-4983,-987), c2=(-4103,-2456), c3=(-3224,-3925), cs=191.2ø, cm=210.9ø, ce=230.6ø, pt=(-4359,-2609), d=298
   c1=(-4983,-987), c2=(-4671,-1798), c3=(-4359,-2609), cs=191.2ø, cm=201.0ø, ce=210.9ø, pt=(-4743,-1821), d=75
   c1=(-4983,-987), c2=(-4863,-1404), c3=(-4743,-1821), cs=191.2ø, cm=196.1ø, ce=201.0ø, pt=(-4881,-1409), d=18
LINEARISING DONE. c3=(-4743,-1821) cs=201.0ø (end=270.0)
LINEARISING: c1=(-4743,-1821) max=25
   c1=(-4743,-1821), c2=(-2371,-3450), c3=(0,-5080), cs=201.0ø, cm=235.5ø, ce=270.0ø, pt=(-2877,-4187), d=893
   c1=(-4743,-1821), c2=(-3810,-3004), c3=(-2877,-4187), cs=201.0ø, cm=218.2ø, ce=235.5ø, pt=(-3992,-3142), d=228
   c1=(-4743,-1821), c2=(-4367,-2481), c3=(-3992,-3142), cs=201.0ø, cm=209.6ø, ce=218.2ø, pt=(-4417,-2509), d=57
   c1=(-4743,-1821), c2=(-4580,-2165), c3=(-4417,-2509), cs=201.0ø, cm=205.3ø, ce=209.6ø, pt=(-4593,-2171), d=14
LINEARISING DONE. c3=(-4417,-2509) cs=209.6ø (end=270.0)
LINEARISING: c1=(-4417,-2509) max=25
   c1=(-4417,-2509), c2=(-2208,-3794), c3=(0,-5080), cs=209.6ø, cm=239.8ø, ce=270.0ø, pt=(-2555,-4391), d=690
   c1=(-4417,-2509), c2=(-3486,-3450), c3=(-2555,-4391), cs=209.6ø, cm=224.7ø, ce=239.8ø, pt=(-3611,-3573), d=175
   c1=(-4417,-2509), c2=(-4014,-3041), c3=(-3611,-3573), cs=209.6ø, cm=217.1ø, ce=224.7ø, pt=(-4052,-3064), d=44
   c1=(-4417,-2509), c2=(-4234,-2786), c3=(-4052,-3064), cs=209.6ø, cm=213.3ø, ce=217.1ø, pt=(-4246,-2789), d=12
LINEARISING DONE. c3=(-4052,-3064) cs=217.1ø (end=270.0)
LINEARISING: c1=(-4052,-3064) max=25
   c1=(-4052,-3064), c2=(-2026,-4072), c3=(0,-5080), cs=217.1ø, cm=243.5ø, ce=270.0ø, pt=(-2267,-4546), d=531
   c1=(-4052,-3064), c2=(-3159,-3805), c3=(-2267,-4546), cs=217.1ø, cm=230.3ø, ce=243.5ø, pt=(-3245,-3909), d=134
   c1=(-4052,-3064), c2=(-3648,-3486), c3=(-3245,-3909), cs=217.1ø, cm=223.7ø, ce=230.3ø, pt=(-3673,-3510), d=34
   c1=(-4052,-3064), c2=(-3862,-3287), c3=(-3673,-3510), cs=217.1ø, cm=220.4ø, ce=223.7ø, pt=(-3869,-3292), d=8
LINEARISING DONE. c3=(-3673,-3510) cs=223.7ø (end=270.0)
LINEARISING: c1=(-3673,-3510) max=25
   c1=(-3673,-3510), c2=(-1836,-4295), c3=(0,-5080), cs=223.7ø, cm=246.8ø, ce=270.0ø, pt=(-2001,-4669), d=408
   c1=(-3673,-3510), c2=(-2837,-4089), c3=(-2001,-4669), cs=223.7ø, cm=235.2ø, ce=246.8ø, pt=(-2899,-4171), d=102
   c1=(-3673,-3510), c2=(-3286,-3840), c3=(-2899,-4171), cs=223.7ø, cm=229.4ø, ce=235.2ø, pt=(-3306,-3857), d=26
   c1=(-3673,-3510), c2=(-3489,-3683), c3=(-3306,-3857), cs=223.7ø, cm=226.5ø, ce=229.4ø, pt=(-3497,-3685), d=8
LINEARISING DONE. c3=(-3306,-3857) cs=229.4ø (end=270.0)
LINEARISING: c1=(-3306,-3857) max=25
   c1=(-3306,-3857), c2=(-1653,-4468), c3=(0,-5080), cs=229.4ø, cm=249.7ø, ce=270.0ø, pt=(-1762,-4764), d=315
   c1=(-3306,-3857), c2=(-2534,-4310), c3=(-1762,-4764), cs=229.4ø, cm=239.5ø, ce=249.7ø, pt=(-2578,-4377), d=80
   c1=(-3306,-3857), c2=(-2942,-4117), c3=(-2578,-4377), cs=229.4ø, cm=234.4ø, ce=239.5ø, pt=(-2957,-4131), d=20
LINEARISING DONE. c3=(-2578,-4377) cs=239.5ø (end=270.0)
LINEARISING: c1=(-2578,-4377) max=25
   c1=(-2578,-4377), c2=(-1289,-4728), c3=(0,-5080), cs=239.5ø, cm=254.7ø, ce=270.0ø, pt=(-1340,-4900), d=179
   c1=(-2578,-4377), c2=(-1959,-4638), c3=(-1340,-4900), cs=239.5ø, cm=247.1ø, ce=254.7ø, pt=(-1977,-4680), d=45
   c1=(-2578,-4377), c2=(-2277,-4528), c3=(-1977,-4680), cs=239.5ø, cm=243.3ø, ce=247.1ø, pt=(-2283,-4538), d=11
LINEARISING DONE. c3=(-1977,-4680) cs=247.1ø (end=270.0)
LINEARISING: c1=(-1977,-4680) max=25
   c1=(-1977,-4680), c2=(-988,-4880), c3=(0,-5080), cs=247.1ø, cm=258.5ø, ce=270.0ø, pt=(-1013,-4978), d=101
   c1=(-1977,-4680), c2=(-1495,-4829), c3=(-1013,-4978), cs=247.1ø, cm=252.8ø, ce=258.5ø, pt=(-1502,-4853), d=25
LINEARISING DONE. c3=(-1013,-4978) cs=258.5ø (end=270.0)
LINEARISING: c1=(-1013,-4978) max=25
   c1=(-1013,-4978), c2=(-506,-5029), c3=(0,-5080), cs=258.5ø, cm=264.2ø, ce=270.0ø, pt=(-513,-5054), d=25
LINEARISING DONE. c3=(0,-5080) cs=270.0ø (end=270.0)
EXPORT ARC: Arc linearised to 12 points.
